<?xml version="1.0" encoding="UTF-8"?>
<testsuite xmlns:xsi="http://www.w3.org/2001/XMLSchema-instance" xsi:noNamespaceSchemaLocation="https://maven.apache.org/surefire/maven-surefire-plugin/xsd/surefire-test-report-3.0.xsd" version="3.0" name="TestSuite" time="28.906" tests="12" errors="0" skipped="0" failures="8">
  <properties>
[...]
</properties>
  <testcase name="runScenario[&quot;User is able to register into the dsportalapp&quot;, &quot;Register User to dsportal app&quot;](1)" classname="CucumberOptions.TestNgTestRunner" time="4.326">
    <failure message="expected [New Account Created. You are logged in as plavwu1234] but found [password_mismatch:The two password fields didn’t match.]" type="java.lang.AssertionError"><![CDATA[java.lang.AssertionError: expected [New Account Created. You are logged in as plavwu1234] but found [password_mismatch:The two password fields didn’t match.]
	at org.testng.Assert.fail(Assert.java:111)
	at org.testng.Assert.failNotEquals(Assert.java:1578)
	at org.testng.Assert.assertEqualsImpl(Assert.java:150)
	at org.testng.Assert.assertEquals(Assert.java:132)
	at org.testng.Assert.assertEquals(Assert.java:656)
	at org.testng.Assert.assertEquals(Assert.java:666)
	at StepDefinitions.Register_page.user_is_successfully_registered(Register_page.java:49)
	at ✽.User is successfully registered(file:///C:/Manju/SDET/ElearningProject/src/test/resources/features/Register.feature:34)
]]></failure>
    <system-err><![CDATA[SLF4J: Failed to load class "org.slf4j.impl.StaticLoggerBinder".
SLF4J: Defaulting to no-operation (NOP) logger implementation
SLF4J: See http://www.slf4j.org/codes.html#StaticLoggerBinder for further details.
Aug 17, 2023 7:09:37 PM org.openqa.selenium.remote.service.DriverService$Builder getLogOutput
INFO: Driver logs no longer sent to console by default; https://www.selenium.dev/documentation/webdriver/drivers/service/#setting-log-output
ERROR StatusLogger Log4j2 could not find a logging implementation. Please add log4j-core to the classpath. Using SimpleLogger to log to the console...
Aug 17, 2023 7:09:39 PM org.openqa.selenium.devtools.CdpVersionFinder findNearestMatch
WARNING: Unable to find an exact match for CDP version 115, so returning the closest version found: 114
Aug 17, 2023 7:09:41 PM org.openqa.selenium.remote.http.WebSocket$Listener onError
WARNING: Connection reset
java.net.SocketException: Connection reset
	at java.base/sun.nio.ch.SocketChannelImpl.throwConnectionReset(SocketChannelImpl.java:394)
	at java.base/sun.nio.ch.SocketChannelImpl.read(SocketChannelImpl.java:426)
	at io.netty.buffer.PooledByteBuf.setBytes(PooledByteBuf.java:256)
	at io.netty.buffer.AbstractByteBuf.writeBytes(AbstractByteBuf.java:1132)
	at io.netty.channel.socket.nio.NioSocketChannel.doReadBytes(NioSocketChannel.java:357)
	at io.netty.channel.nio.AbstractNioByteChannel$NioByteUnsafe.read(AbstractNioByteChannel.java:151)
	at io.netty.channel.nio.NioEventLoop.processSelectedKey(NioEventLoop.java:788)
	at io.netty.channel.nio.NioEventLoop.processSelectedKeysOptimized(NioEventLoop.java:724)
	at io.netty.channel.nio.NioEventLoop.processSelectedKeys(NioEventLoop.java:650)
	at io.netty.channel.nio.NioEventLoop.run(NioEventLoop.java:562)
	at io.netty.util.concurrent.SingleThreadEventExecutor$4.run(SingleThreadEventExecutor.java:997)
	at io.netty.util.internal.ThreadExecutorMap$2.run(ThreadExecutorMap.java:74)
	at io.netty.util.concurrent.FastThreadLocalRunnable.run(FastThreadLocalRunnable.java:30)
	at java.base/java.lang.Thread.run(Thread.java:833)

]]></system-err>
  </testcase>
  <testcase name="runScenario[&quot;User is not able to register into the dsportalapp&quot;, &quot;Register User to dsportal app&quot;](2)" classname="CucumberOptions.TestNgTestRunner" time="1.904">
    <system-out><![CDATA[Please fill out this field.
Please fill out this field.
]]></system-out>
    <system-err><![CDATA[Aug 17, 2023 7:09:41 PM org.openqa.selenium.remote.service.DriverService$Builder getLogOutput
INFO: Driver logs no longer sent to console by default; https://www.selenium.dev/documentation/webdriver/drivers/service/#setting-log-output
Aug 17, 2023 7:09:42 PM org.openqa.selenium.devtools.CdpVersionFinder findNearestMatch
WARNING: Unable to find an exact match for CDP version 115, so returning the closest version found: 114
]]></system-err>
  </testcase>
  <testcase name="runScenario[&quot;User is not able to register into the dsportalapp&quot;, &quot;Register User to dsportal app&quot;](3)" classname="CucumberOptions.TestNgTestRunner" time="1.736">
    <system-out><![CDATA[Please fill out this field.
Please fill out this field.
]]></system-out>
    <system-err><![CDATA[Aug 17, 2023 7:09:43 PM org.openqa.selenium.remote.service.DriverService$Builder getLogOutput
INFO: Driver logs no longer sent to console by default; https://www.selenium.dev/documentation/webdriver/drivers/service/#setting-log-output
Aug 17, 2023 7:09:43 PM org.openqa.selenium.devtools.CdpVersionFinder findNearestMatch
WARNING: Unable to find an exact match for CDP version 115, so returning the closest version found: 114
]]></system-err>
  </testcase>
  <testcase name="runScenario[&quot;User is not able to register into the dsportalapp&quot;, &quot;Register User to dsportal app&quot;](4)" classname="CucumberOptions.TestNgTestRunner" time="2.069">
    <system-out><![CDATA[Please fill out this field.
Please fill out this field.
]]></system-out>
    <system-err><![CDATA[Aug 17, 2023 7:09:44 PM org.openqa.selenium.remote.service.DriverService$Builder getLogOutput
INFO: Driver logs no longer sent to console by default; https://www.selenium.dev/documentation/webdriver/drivers/service/#setting-log-output
Aug 17, 2023 7:09:45 PM org.openqa.selenium.devtools.CdpVersionFinder findNearestMatch
WARNING: Unable to find an exact match for CDP version 115, so returning the closest version found: 114
]]></system-err>
  </testcase>
  <testcase name="runScenario[&quot;User is not able to register into the dsportalapp&quot;, &quot;Register User to dsportal app&quot;](5)" classname="CucumberOptions.TestNgTestRunner" time="2.211">
    <failure message="expected [Invalid User Name] but found [password_mismatch:The two password fields didn’t match.]" type="java.lang.AssertionError"><![CDATA[java.lang.AssertionError: expected [Invalid User Name] but found [password_mismatch:The two password fields didn’t match.]
	at org.testng.Assert.fail(Assert.java:111)
	at org.testng.Assert.failNotEquals(Assert.java:1578)
	at org.testng.Assert.assertEqualsImpl(Assert.java:150)
	at org.testng.Assert.assertEquals(Assert.java:132)
	at org.testng.Assert.assertEquals(Assert.java:656)
	at org.testng.Assert.assertEquals(Assert.java:666)
	at PageObjectfiles.RegisterPageObject.username_password_validation(RegisterPageObject.java:97)
	at StepDefinitions.Register_page.user_fills_details(Register_page.java:71)
	at ✽."tester","Password_1","Password_1" User is not able to register and alert "Invalid User Name" is displayed(file:///C:/Manju/SDET/ElearningProject/src/test/resources/features/Register.feature:41)
]]></failure>
    <system-out><![CDATA[password_mismatch:The two password fields didn’t match.
Invalid User Name
]]></system-out>
    <system-err><![CDATA[Aug 17, 2023 7:09:47 PM org.openqa.selenium.remote.service.DriverService$Builder getLogOutput
INFO: Driver logs no longer sent to console by default; https://www.selenium.dev/documentation/webdriver/drivers/service/#setting-log-output
Aug 17, 2023 7:09:48 PM org.openqa.selenium.devtools.CdpVersionFinder findNearestMatch
WARNING: Unable to find an exact match for CDP version 115, so returning the closest version found: 114
]]></system-err>
  </testcase>
  <testcase name="runScenario[&quot;User is not able to register into the dsportalapp&quot;, &quot;Register User to dsportal app&quot;](6)" classname="CucumberOptions.TestNgTestRunner" time="2.132">
    <failure message="expected [Invalid password] but found [password_mismatch:The two password fields didn’t match.]" type="java.lang.AssertionError"><![CDATA[java.lang.AssertionError: expected [Invalid password] but found [password_mismatch:The two password fields didn’t match.]
	at org.testng.Assert.fail(Assert.java:111)
	at org.testng.Assert.failNotEquals(Assert.java:1578)
	at org.testng.Assert.assertEqualsImpl(Assert.java:150)
	at org.testng.Assert.assertEquals(Assert.java:132)
	at org.testng.Assert.assertEquals(Assert.java:656)
	at org.testng.Assert.assertEquals(Assert.java:666)
	at PageObjectfiles.RegisterPageObject.username_password_validation(RegisterPageObject.java:97)
	at StepDefinitions.Register_page.user_fills_details(Register_page.java:71)
	at ✽."tester2","Password","Password" User is not able to register and alert "Invalid password" is displayed(file:///C:/Manju/SDET/ElearningProject/src/test/resources/features/Register.feature:41)
]]></failure>
    <system-out><![CDATA[password_mismatch:The two password fields didn’t match.
Invalid password
]]></system-out>
    <system-err><![CDATA[Aug 17, 2023 7:09:49 PM org.openqa.selenium.remote.service.DriverService$Builder getLogOutput
INFO: Driver logs no longer sent to console by default; https://www.selenium.dev/documentation/webdriver/drivers/service/#setting-log-output
Aug 17, 2023 7:09:50 PM org.openqa.selenium.devtools.CdpVersionFinder findNearestMatch
WARNING: Unable to find an exact match for CDP version 115, so returning the closest version found: 114
]]></system-err>
  </testcase>
  <testcase name="runScenario[&quot;User is not able to register into the dsportalapp&quot;, &quot;Register User to dsportal app&quot;](7)" classname="CucumberOptions.TestNgTestRunner" time="1.955">
    <system-out><![CDATA[password_mismatch:The two password fields didn’t match.
password_mismatch:The two password fields didn’t match.
]]></system-out>
    <system-err><![CDATA[Aug 17, 2023 7:09:51 PM org.openqa.selenium.remote.service.DriverService$Builder getLogOutput
INFO: Driver logs no longer sent to console by default; https://www.selenium.dev/documentation/webdriver/drivers/service/#setting-log-output
Aug 17, 2023 7:09:52 PM org.openqa.selenium.devtools.CdpVersionFinder findNearestMatch
WARNING: Unable to find an exact match for CDP version 115, so returning the closest version found: 114
]]></system-err>
  </testcase>
  <testcase name="runScenario[&quot;User is not able to register into the dsportalapp&quot;, &quot;Register User to dsportal app&quot;](8)" classname="CucumberOptions.TestNgTestRunner" time="2.099">
    <failure message="expected [User already registered] but found [password_mismatch:The two password fields didn’t match.]" type="java.lang.AssertionError"><![CDATA[java.lang.AssertionError: expected [User already registered] but found [password_mismatch:The two password fields didn’t match.]
	at org.testng.Assert.fail(Assert.java:111)
	at org.testng.Assert.failNotEquals(Assert.java:1578)
	at org.testng.Assert.assertEqualsImpl(Assert.java:150)
	at org.testng.Assert.assertEquals(Assert.java:132)
	at org.testng.Assert.assertEquals(Assert.java:656)
	at org.testng.Assert.assertEquals(Assert.java:666)
	at PageObjectfiles.RegisterPageObject.username_password_validation(RegisterPageObject.java:97)
	at StepDefinitions.Register_page.user_fills_details(Register_page.java:71)
	at ✽."nump1234","Password_1","Welcome1" User is not able to register and alert "User already registered" is displayed(file:///C:/Manju/SDET/ElearningProject/src/test/resources/features/Register.feature:41)
]]></failure>
    <system-out><![CDATA[password_mismatch:The two password fields didn’t match.
User already registered
]]></system-out>
    <system-err><![CDATA[Aug 17, 2023 7:09:53 PM org.openqa.selenium.remote.service.DriverService$Builder getLogOutput
INFO: Driver logs no longer sent to console by default; https://www.selenium.dev/documentation/webdriver/drivers/service/#setting-log-output
Aug 17, 2023 7:09:54 PM org.openqa.selenium.devtools.CdpVersionFinder findNearestMatch
WARNING: Unable to find an exact match for CDP version 115, so returning the closest version found: 114
]]></system-err>
  </testcase>
  <testcase name="runScenario[&quot;User is not able to register into the dsportalapp&quot;, &quot;Register User to dsportal app&quot;](9)" classname="CucumberOptions.TestNgTestRunner" time="2.081">
    <failure message="expected [password should contain 8 characters] but found [password_mismatch:The two password fields didn’t match.]" type="java.lang.AssertionError"><![CDATA[java.lang.AssertionError: expected [password should contain 8 characters] but found [password_mismatch:The two password fields didn’t match.]
	at org.testng.Assert.fail(Assert.java:111)
	at org.testng.Assert.failNotEquals(Assert.java:1578)
	at org.testng.Assert.assertEqualsImpl(Assert.java:150)
	at org.testng.Assert.assertEquals(Assert.java:132)
	at org.testng.Assert.assertEquals(Assert.java:656)
	at org.testng.Assert.assertEquals(Assert.java:666)
	at PageObjectfiles.RegisterPageObject.username_password_validation(RegisterPageObject.java:97)
	at StepDefinitions.Register_page.user_fills_details(Register_page.java:71)
	at ✽."tester2","Pass","Pass" User is not able to register and alert "password should contain 8 characters" is displayed(file:///C:/Manju/SDET/ElearningProject/src/test/resources/features/Register.feature:41)
]]></failure>
    <system-out><![CDATA[password_mismatch:The two password fields didn’t match.
password should contain 8 characters
]]></system-out>
    <system-err><![CDATA[Aug 17, 2023 7:09:55 PM org.openqa.selenium.remote.service.DriverService$Builder getLogOutput
INFO: Driver logs no longer sent to console by default; https://www.selenium.dev/documentation/webdriver/drivers/service/#setting-log-output
Aug 17, 2023 7:09:56 PM org.openqa.selenium.devtools.CdpVersionFinder findNearestMatch
WARNING: Unable to find an exact match for CDP version 115, so returning the closest version found: 114
]]></system-err>
  </testcase>
  <testcase name="runScenario[&quot;User is not able to register into the dsportalapp&quot;, &quot;Register User to dsportal app&quot;](10)" classname="CucumberOptions.TestNgTestRunner" time="2.159">
    <failure message="expected [password cannot be only numbers] but found [password_mismatch:The two password fields didn’t match.]" type="java.lang.AssertionError"><![CDATA[java.lang.AssertionError: expected [password cannot be only numbers] but found [password_mismatch:The two password fields didn’t match.]
	at org.testng.Assert.fail(Assert.java:111)
	at org.testng.Assert.failNotEquals(Assert.java:1578)
	at org.testng.Assert.assertEqualsImpl(Assert.java:150)
	at org.testng.Assert.assertEquals(Assert.java:132)
	at org.testng.Assert.assertEquals(Assert.java:656)
	at org.testng.Assert.assertEquals(Assert.java:666)
	at PageObjectfiles.RegisterPageObject.username_password_validation(RegisterPageObject.java:97)
	at StepDefinitions.Register_page.user_fills_details(Register_page.java:71)
	at ✽."tester2","1234","1234" User is not able to register and alert "password cannot be only numbers" is displayed(file:///C:/Manju/SDET/ElearningProject/src/test/resources/features/Register.feature:41)
]]></failure>
    <system-out><![CDATA[password_mismatch:The two password fields didn’t match.
password cannot be only numbers
]]></system-out>
    <system-err><![CDATA[Aug 17, 2023 7:09:57 PM org.openqa.selenium.remote.service.DriverService$Builder getLogOutput
INFO: Driver logs no longer sent to console by default; https://www.selenium.dev/documentation/webdriver/drivers/service/#setting-log-output
Aug 17, 2023 7:09:58 PM org.openqa.selenium.devtools.CdpVersionFinder findNearestMatch
WARNING: Unable to find an exact match for CDP version 115, so returning the closest version found: 114
]]></system-err>
  </testcase>
  <testcase name="runScenario[&quot;User is not able to register into the dsportalapp&quot;, &quot;Register User to dsportal app&quot;](11)" classname="CucumberOptions.TestNgTestRunner" time="2.045">
    <failure message="expected [password cannot be same as user name] but found [password_mismatch:The two password fields didn’t match.]" type="java.lang.AssertionError"><![CDATA[java.lang.AssertionError: expected [password cannot be same as user name] but found [password_mismatch:The two password fields didn’t match.]
	at org.testng.Assert.fail(Assert.java:111)
	at org.testng.Assert.failNotEquals(Assert.java:1578)
	at org.testng.Assert.assertEqualsImpl(Assert.java:150)
	at org.testng.Assert.assertEquals(Assert.java:132)
	at org.testng.Assert.assertEquals(Assert.java:656)
	at org.testng.Assert.assertEquals(Assert.java:666)
	at PageObjectfiles.RegisterPageObject.username_password_validation(RegisterPageObject.java:97)
	at StepDefinitions.Register_page.user_fills_details(Register_page.java:71)
	at ✽."tester2","tester2","tester2" User is not able to register and alert "password cannot be same as user name" is displayed(file:///C:/Manju/SDET/ElearningProject/src/test/resources/features/Register.feature:41)
]]></failure>
    <system-out><![CDATA[password_mismatch:The two password fields didn’t match.
password cannot be same as user name
]]></system-out>
    <system-err><![CDATA[Aug 17, 2023 7:09:59 PM org.openqa.selenium.remote.service.DriverService$Builder getLogOutput
INFO: Driver logs no longer sent to console by default; https://www.selenium.dev/documentation/webdriver/drivers/service/#setting-log-output
Aug 17, 2023 7:10:00 PM org.openqa.selenium.devtools.CdpVersionFinder findNearestMatch
WARNING: Unable to find an exact match for CDP version 115, so returning the closest version found: 114
]]></system-err>
  </testcase>
  <testcase name="runScenario[&quot;User is not able to register into the dsportalapp&quot;, &quot;Register User to dsportal app&quot;](12)" classname="CucumberOptions.TestNgTestRunner" time="2.123">
    <failure message="expected [password cannot be a common password] but found [password_mismatch:The two password fields didn’t match.]" type="java.lang.AssertionError"><![CDATA[java.lang.AssertionError: expected [password cannot be a common password] but found [password_mismatch:The two password fields didn’t match.]
	at org.testng.Assert.fail(Assert.java:111)
	at org.testng.Assert.failNotEquals(Assert.java:1578)
	at org.testng.Assert.assertEqualsImpl(Assert.java:150)
	at org.testng.Assert.assertEquals(Assert.java:132)
	at org.testng.Assert.assertEquals(Assert.java:656)
	at org.testng.Assert.assertEquals(Assert.java:666)
	at PageObjectfiles.RegisterPageObject.username_password_validation(RegisterPageObject.java:97)
	at StepDefinitions.Register_page.user_fills_details(Register_page.java:71)
	at ✽."tester2","Welcome1","Welcome1" User is not able to register and alert "password cannot be a common password" is displayed(file:///C:/Manju/SDET/ElearningProject/src/test/resources/features/Register.feature:41)
]]></failure>
    <system-out><![CDATA[password_mismatch:The two password fields didn’t match.
password cannot be a common password
]]></system-out>
    <system-err><![CDATA[Aug 17, 2023 7:10:01 PM org.openqa.selenium.remote.service.DriverService$Builder getLogOutput
INFO: Driver logs no longer sent to console by default; https://www.selenium.dev/documentation/webdriver/drivers/service/#setting-log-output
Aug 17, 2023 7:10:02 PM org.openqa.selenium.devtools.CdpVersionFinder findNearestMatch
WARNING: Unable to find an exact match for CDP version 115, so returning the closest version found: 114
]]></system-err>
  </testcase>
</testsuite>